{"numFailedTestSuites":0,"numFailedTests":0,"numPassedTestSuites":3,"numPassedTests":18,"numPendingTestSuites":0,"numPendingTests":0,"numRuntimeErrorTestSuites":0,"numTodoTests":0,"numTotalTestSuites":3,"numTotalTests":18,"openHandles":[],"snapshot":{"added":0,"didUpdate":false,"failure":false,"filesAdded":0,"filesRemoved":0,"filesRemovedList":[],"filesUnmatched":0,"filesUpdated":0,"matched":0,"total":0,"unchecked":0,"uncheckedKeysByFile":[],"unmatched":0,"updated":0},"startTime":1746411652160,"success":true,"testResults":[{"assertionResults":[{"ancestorTitles":["MessagesService","sendMessage"],"failureMessages":[],"fullName":"MessagesService sendMessage sendMessage_validContent_writesToFirestore","location":null,"status":"passed","title":"sendMessage_validContent_writesToFirestore"},{"ancestorTitles":["MessagesService","sendMessage"],"failureMessages":[],"fullName":"MessagesService sendMessage sendMessage_emptyContent_throwsValidationError","location":null,"status":"passed","title":"sendMessage_emptyContent_throwsValidationError"},{"ancestorTitles":["MessagesService","sendMessage"],"failureMessages":[],"fullName":"MessagesService sendMessage sendOffer_validAmount_writesOffer","location":null,"status":"passed","title":"sendOffer_validAmount_writesOffer"},{"ancestorTitles":["MessagesService","sendMessage"],"failureMessages":[],"fullName":"MessagesService sendMessage sendOffer_negativeAmount_throwsValidationError","location":null,"status":"passed","title":"sendOffer_negativeAmount_throwsValidationError"},{"ancestorTitles":["MessagesService","sendMessage"],"failureMessages":[],"fullName":"MessagesService sendMessage acceptOffer_pendingOffer_updatesStatusAccepted","location":null,"status":"passed","title":"acceptOffer_pendingOffer_updatesStatusAccepted"},{"ancestorTitles":["MessagesService","sendMessage"],"failureMessages":[],"fullName":"MessagesService sendMessage declineOffer_pendingOffer_updatesStatusDeclined","location":null,"status":"passed","title":"declineOffer_pendingOffer_updatesStatusDeclined"}],"endTime":1746411652361,"message":"","name":"/Users/mostafaelshenawy/campus-connect/src/__tests__/services/messages.test.js","startTime":1746411652174,"status":"passed","summary":""},{"assertionResults":[{"ancestorTitles":["LikesService","handleLike"],"failureMessages":[],"fullName":"LikesService handleLike likeItem_authenticated_succeeds","location":null,"status":"passed","title":"likeItem_authenticated_succeeds"},{"ancestorTitles":["LikesService","handleLike"],"failureMessages":[],"fullName":"LikesService handleLike unlikeItem_authenticated_succeeds","location":null,"status":"passed","title":"unlikeItem_authenticated_succeeds"},{"ancestorTitles":["LikesService","handleLike"],"failureMessages":[],"fullName":"LikesService handleLike likeItem_alreadyLiked_noOp","location":null,"status":"passed","title":"likeItem_alreadyLiked_noOp"},{"ancestorTitles":["LikesService","handleLike"],"failureMessages":[],"fullName":"LikesService handleLike unlikeItem_notLiked_noOp","location":null,"status":"passed","title":"unlikeItem_notLiked_noOp"},{"ancestorTitles":["LikesService","handleLike"],"failureMessages":[],"fullName":"LikesService handleLike likeItem_nonExistentListing_throwsNotFound","location":null,"status":"passed","title":"likeItem_nonExistentListing_throwsNotFound"},{"ancestorTitles":["LikesService","getLikeCount"],"failureMessages":[],"fullName":"LikesService getLikeCount getLikesCount_returnsCorrectNumber","location":null,"status":"passed","title":"getLikesCount_returnsCorrectNumber"}],"endTime":1746411652406,"message":"","name":"/Users/mostafaelshenawy/campus-connect/src/__tests__/services/likes.test.js","startTime":1746411652365,"status":"passed","summary":""},{"assertionResults":[{"ancestorTitles":["AuthService","signInWithGoogle"],"failureMessages":[],"fullName":"AuthService signInWithGoogle should sign in with valid .edu email and create new user record","location":null,"status":"passed","title":"should sign in with valid .edu email and create new user record"},{"ancestorTitles":["AuthService","signInWithGoogle"],"failureMessages":[],"fullName":"AuthService signInWithGoogle signInWithGoogle_nonEduEmail_throwsDomainError","location":null,"status":"passed","title":"signInWithGoogle_nonEduEmail_throwsDomainError"},{"ancestorTitles":["AuthService","signInWithGoogle"],"failureMessages":[],"fullName":"AuthService signInWithGoogle signInWithGoogle_invalidPopupError_propagates","location":null,"status":"passed","title":"signInWithGoogle_invalidPopupError_propagates"},{"ancestorTitles":["AuthService","signInWithGoogle"],"failureMessages":[],"fullName":"AuthService signInWithGoogle signInWithGoogle_existingUser_noFirestoreWrite","location":null,"status":"passed","title":"signInWithGoogle_existingUser_noFirestoreWrite"},{"ancestorTitles":["AuthService","signInWithGoogle"],"failureMessages":[],"fullName":"AuthService signInWithGoogle signInWithGoogle_newUser_createsFirestoreRecord","location":null,"status":"passed","title":"signInWithGoogle_newUser_createsFirestoreRecord"},{"ancestorTitles":["AuthService","signInWithGoogle"],"failureMessages":[],"fullName":"AuthService signInWithGoogle signInWithGoogle_networkError_retriesAndSucceeds","location":null,"status":"passed","title":"signInWithGoogle_networkError_retriesAndSucceeds"}],"endTime":1746411652436,"message":"","name":"/Users/mostafaelshenawy/campus-connect/src/__tests__/services/auth.test.js","startTime":1746411652410,"status":"passed","summary":""}],"wasInterrupted":false}